{"/Users/sumedhshende/sysd/aiml/day1/ai-chat-assistant/frontend/src/App.js": {"path":"/Users/sumedhshende/sysd/aiml/day1/ai-chat-assistant/frontend/src/App.js","statementMap":{"0":{"start":{"line":7,"column":2},"end":{"line":14,"column":4}}},"fnMap":{"0":{"name":"App","decl":{"start":{"line":6,"column":9},"end":{"line":6,"column":12}},"loc":{"start":{"line":6,"column":15},"end":{"line":15,"column":1}},"line":6}},"branchMap":{},"s":{"0":1},"f":{"0":1},"b":{},"_coverageSchema":"1a1c01bbd47fc00a2c39e90264f33305004495a9","hash":"cb669f4a0821edbb837fdec158437a1dece32e69"}
,"/Users/sumedhshende/sysd/aiml/day1/ai-chat-assistant/frontend/src/index.js": {"path":"/Users/sumedhshende/sysd/aiml/day1/ai-chat-assistant/frontend/src/index.js","statementMap":{"0":{"start":{"line":5,"column":13},"end":{"line":5,"column":65}},"1":{"start":{"line":6,"column":0},"end":{"line":10,"column":2}}},"fnMap":{},"branchMap":{},"s":{"0":0,"1":0},"f":{},"b":{}}
,"/Users/sumedhshende/sysd/aiml/day1/ai-chat-assistant/frontend/src/components/ChatContainer.js": {"path":"/Users/sumedhshende/sysd/aiml/day1/ai-chat-assistant/frontend/src/components/ChatContainer.js","statementMap":{"0":{"start":{"line":6,"column":18},"end":{"line":16,"column":1}},"1":{"start":{"line":10,"column":25},"end":{"line":10,"column":54}},"2":{"start":{"line":11,"column":28},"end":{"line":11,"column":59}},"3":{"start":{"line":12,"column":25},"end":{"line":12,"column":47}},"4":{"start":{"line":18,"column":15},"end":{"line":23,"column":1}},"5":{"start":{"line":19,"column":25},"end":{"line":19,"column":51}},"6":{"start":{"line":25,"column":14},"end":{"line":29,"column":1}},"7":{"start":{"line":31,"column":17},"end":{"line":35,"column":1}},"8":{"start":{"line":37,"column":26},"end":{"line":44,"column":1}},"9":{"start":{"line":46,"column":16},"end":{"line":51,"column":1}},"10":{"start":{"line":50,"column":13},"end":{"line":50,"column":60}},"11":{"start":{"line":53,"column":20},"end":{"line":63,"column":1}},"12":{"start":{"line":61,"column":25},"end":{"line":61,"column":98}},"13":{"start":{"line":65,"column":22},"end":{"line":73,"column":1}},"14":{"start":{"line":68,"column":28},"end":{"line":68,"column":55}},"15":{"start":{"line":69,"column":25},"end":{"line":69,"column":96}},"16":{"start":{"line":70,"column":20},"end":{"line":70,"column":69}},"17":{"start":{"line":75,"column":23},"end":{"line":79,"column":1}},"18":{"start":{"line":77,"column":35},"end":{"line":77,"column":60}},"19":{"start":{"line":78,"column":25},"end":{"line":78,"column":51}},"20":{"start":{"line":81,"column":21},"end":{"line":85,"column":1}},"21":{"start":{"line":87,"column":17},"end":{"line":108,"column":1}},"22":{"start":{"line":92,"column":31},"end":{"line":92,"column":56}},"23":{"start":{"line":93,"column":28},"end":{"line":93,"column":55}},"24":{"start":{"line":101,"column":29},"end":{"line":101,"column":55}},"25":{"start":{"line":105,"column":27},"end":{"line":105,"column":52}},"26":{"start":{"line":110,"column":19},"end":{"line":133,"column":1}},"27":{"start":{"line":114,"column":28},"end":{"line":114,"column":55}},"28":{"start":{"line":115,"column":25},"end":{"line":115,"column":51}},"29":{"start":{"line":124,"column":27},"end":{"line":124,"column":58}},"30":{"start":{"line":129,"column":27},"end":{"line":129,"column":52}},"31":{"start":{"line":135,"column":23},"end":{"line":141,"column":1}},"32":{"start":{"line":139,"column":20},"end":{"line":139,"column":48}},"33":{"start":{"line":143,"column":21},"end":{"line":152,"column":1}},"34":{"start":{"line":147,"column":20},"end":{"line":147,"column":44}},"35":{"start":{"line":148,"column":25},"end":{"line":148,"column":49}},"36":{"start":{"line":150,"column":28},"end":{"line":150,"column":55}},"37":{"start":{"line":154,"column":22},"end":{"line":276,"column":1}},"38":{"start":{"line":155,"column":34},"end":{"line":161,"column":4}},"39":{"start":{"line":162,"column":42},"end":{"line":162,"column":54}},"40":{"start":{"line":163,"column":36},"end":{"line":163,"column":51}},"41":{"start":{"line":164,"column":28},"end":{"line":164,"column":40}},"42":{"start":{"line":165,"column":25},"end":{"line":165,"column":37}},"43":{"start":{"line":167,"column":25},"end":{"line":172,"column":3}},"44":{"start":{"line":168,"column":15},"end":{"line":168,"column":37}},"45":{"start":{"line":169,"column":4},"end":{"line":171,"column":5}},"46":{"start":{"line":170,"column":6},"end":{"line":170,"column":48}},"47":{"start":{"line":174,"column":2},"end":{"line":176,"column":17}},"48":{"start":{"line":175,"column":4},"end":{"line":175,"column":21}},"49":{"start":{"line":178,"column":28},"end":{"line":211,"column":3}},"50":{"start":{"line":179,"column":4},"end":{"line":179,"column":50}},"51":{"start":{"line":179,"column":43},"end":{"line":179,"column":50}},"52":{"start":{"line":181,"column":24},"end":{"line":185,"column":5}},"53":{"start":{"line":187,"column":4},"end":{"line":187,"column":48}},"54":{"start":{"line":187,"column":24},"end":{"line":187,"column":46}},"55":{"start":{"line":188,"column":4},"end":{"line":188,"column":24}},"56":{"start":{"line":189,"column":4},"end":{"line":189,"column":23}},"57":{"start":{"line":190,"column":4},"end":{"line":190,"column":17}},"58":{"start":{"line":192,"column":4},"end":{"line":210,"column":5}},"59":{"start":{"line":193,"column":23},"end":{"line":193,"column":79}},"60":{"start":{"line":195,"column":6},"end":{"line":204,"column":7}},"61":{"start":{"line":196,"column":33},"end":{"line":200,"column":9}},"62":{"start":{"line":201,"column":8},"end":{"line":201,"column":57}},"63":{"start":{"line":201,"column":28},"end":{"line":201,"column":55}},"64":{"start":{"line":203,"column":8},"end":{"line":203,"column":76}},"65":{"start":{"line":206,"column":6},"end":{"line":206,"column":28}},"66":{"start":{"line":207,"column":6},"end":{"line":207,"column":40}},"67":{"start":{"line":209,"column":6},"end":{"line":209,"column":26}},"68":{"start":{"line":213,"column":25},"end":{"line":218,"column":3}},"69":{"start":{"line":214,"column":4},"end":{"line":217,"column":5}},"70":{"start":{"line":215,"column":6},"end":{"line":215,"column":25}},"71":{"start":{"line":216,"column":6},"end":{"line":216,"column":26}},"72":{"start":{"line":220,"column":2},"end":{"line":275,"column":4}},"73":{"start":{"line":229,"column":10},"end":{"line":236,"column":20}},"74":{"start":{"line":260,"column":29},"end":{"line":260,"column":60}}},"fnMap":{"0":{"name":"(anonymous_0)","decl":{"start":{"line":10,"column":16},"end":{"line":10,"column":17}},"loc":{"start":{"line":10,"column":25},"end":{"line":10,"column":54}},"line":10},"1":{"name":"(anonymous_1)","decl":{"start":{"line":11,"column":19},"end":{"line":11,"column":20}},"loc":{"start":{"line":11,"column":28},"end":{"line":11,"column":59}},"line":11},"2":{"name":"(anonymous_2)","decl":{"start":{"line":12,"column":16},"end":{"line":12,"column":17}},"loc":{"start":{"line":12,"column":25},"end":{"line":12,"column":47}},"line":12},"3":{"name":"(anonymous_3)","decl":{"start":{"line":19,"column":16},"end":{"line":19,"column":17}},"loc":{"start":{"line":19,"column":25},"end":{"line":19,"column":51}},"line":19},"4":{"name":"(anonymous_4)","decl":{"start":{"line":50,"column":4},"end":{"line":50,"column":5}},"loc":{"start":{"line":50,"column":13},"end":{"line":50,"column":60}},"line":50},"5":{"name":"(anonymous_5)","decl":{"start":{"line":61,"column":16},"end":{"line":61,"column":17}},"loc":{"start":{"line":61,"column":25},"end":{"line":61,"column":98}},"line":61},"6":{"name":"(anonymous_6)","decl":{"start":{"line":68,"column":19},"end":{"line":68,"column":20}},"loc":{"start":{"line":68,"column":28},"end":{"line":68,"column":55}},"line":68},"7":{"name":"(anonymous_7)","decl":{"start":{"line":69,"column":16},"end":{"line":69,"column":17}},"loc":{"start":{"line":69,"column":25},"end":{"line":69,"column":96}},"line":69},"8":{"name":"(anonymous_8)","decl":{"start":{"line":70,"column":11},"end":{"line":70,"column":12}},"loc":{"start":{"line":70,"column":20},"end":{"line":70,"column":69}},"line":70},"9":{"name":"(anonymous_9)","decl":{"start":{"line":77,"column":26},"end":{"line":77,"column":27}},"loc":{"start":{"line":77,"column":35},"end":{"line":77,"column":60}},"line":77},"10":{"name":"(anonymous_10)","decl":{"start":{"line":78,"column":16},"end":{"line":78,"column":17}},"loc":{"start":{"line":78,"column":25},"end":{"line":78,"column":51}},"line":78},"11":{"name":"(anonymous_11)","decl":{"start":{"line":92,"column":22},"end":{"line":92,"column":23}},"loc":{"start":{"line":92,"column":31},"end":{"line":92,"column":56}},"line":92},"12":{"name":"(anonymous_12)","decl":{"start":{"line":93,"column":19},"end":{"line":93,"column":20}},"loc":{"start":{"line":93,"column":28},"end":{"line":93,"column":55}},"line":93},"13":{"name":"(anonymous_13)","decl":{"start":{"line":101,"column":20},"end":{"line":101,"column":21}},"loc":{"start":{"line":101,"column":29},"end":{"line":101,"column":55}},"line":101},"14":{"name":"(anonymous_14)","decl":{"start":{"line":105,"column":18},"end":{"line":105,"column":19}},"loc":{"start":{"line":105,"column":27},"end":{"line":105,"column":52}},"line":105},"15":{"name":"(anonymous_15)","decl":{"start":{"line":114,"column":19},"end":{"line":114,"column":20}},"loc":{"start":{"line":114,"column":28},"end":{"line":114,"column":55}},"line":114},"16":{"name":"(anonymous_16)","decl":{"start":{"line":115,"column":16},"end":{"line":115,"column":17}},"loc":{"start":{"line":115,"column":25},"end":{"line":115,"column":51}},"line":115},"17":{"name":"(anonymous_17)","decl":{"start":{"line":124,"column":18},"end":{"line":124,"column":19}},"loc":{"start":{"line":124,"column":27},"end":{"line":124,"column":58}},"line":124},"18":{"name":"(anonymous_18)","decl":{"start":{"line":129,"column":18},"end":{"line":129,"column":19}},"loc":{"start":{"line":129,"column":27},"end":{"line":129,"column":52}},"line":129},"19":{"name":"(anonymous_19)","decl":{"start":{"line":139,"column":11},"end":{"line":139,"column":12}},"loc":{"start":{"line":139,"column":20},"end":{"line":139,"column":48}},"line":139},"20":{"name":"(anonymous_20)","decl":{"start":{"line":147,"column":11},"end":{"line":147,"column":12}},"loc":{"start":{"line":147,"column":20},"end":{"line":147,"column":44}},"line":147},"21":{"name":"(anonymous_21)","decl":{"start":{"line":148,"column":16},"end":{"line":148,"column":17}},"loc":{"start":{"line":148,"column":25},"end":{"line":148,"column":49}},"line":148},"22":{"name":"(anonymous_22)","decl":{"start":{"line":150,"column":19},"end":{"line":150,"column":20}},"loc":{"start":{"line":150,"column":28},"end":{"line":150,"column":55}},"line":150},"23":{"name":"(anonymous_23)","decl":{"start":{"line":154,"column":22},"end":{"line":154,"column":23}},"loc":{"start":{"line":154,"column":28},"end":{"line":276,"column":1}},"line":154},"24":{"name":"(anonymous_24)","decl":{"start":{"line":167,"column":25},"end":{"line":167,"column":26}},"loc":{"start":{"line":167,"column":31},"end":{"line":172,"column":3}},"line":167},"25":{"name":"(anonymous_25)","decl":{"start":{"line":174,"column":12},"end":{"line":174,"column":13}},"loc":{"start":{"line":174,"column":18},"end":{"line":176,"column":3}},"line":174},"26":{"name":"(anonymous_26)","decl":{"start":{"line":178,"column":28},"end":{"line":178,"column":29}},"loc":{"start":{"line":178,"column":40},"end":{"line":211,"column":3}},"line":178},"27":{"name":"(anonymous_27)","decl":{"start":{"line":187,"column":16},"end":{"line":187,"column":17}},"loc":{"start":{"line":187,"column":24},"end":{"line":187,"column":46}},"line":187},"28":{"name":"(anonymous_28)","decl":{"start":{"line":201,"column":20},"end":{"line":201,"column":21}},"loc":{"start":{"line":201,"column":28},"end":{"line":201,"column":55}},"line":201},"29":{"name":"(anonymous_29)","decl":{"start":{"line":213,"column":25},"end":{"line":213,"column":26}},"loc":{"start":{"line":213,"column":32},"end":{"line":218,"column":3}},"line":213},"30":{"name":"(anonymous_30)","decl":{"start":{"line":228,"column":22},"end":{"line":228,"column":23}},"loc":{"start":{"line":229,"column":10},"end":{"line":236,"column":20}},"line":229},"31":{"name":"(anonymous_31)","decl":{"start":{"line":260,"column":22},"end":{"line":260,"column":23}},"loc":{"start":{"line":260,"column":29},"end":{"line":260,"column":60}},"line":260}},"branchMap":{"0":{"loc":{"start":{"line":50,"column":13},"end":{"line":50,"column":60}},"type":"binary-expr","locations":[{"start":{"line":50,"column":13},"end":{"line":50,"column":26}},{"start":{"line":50,"column":30},"end":{"line":50,"column":60}}],"line":50},"1":{"loc":{"start":{"line":61,"column":25},"end":{"line":61,"column":98}},"type":"cond-expr","locations":[{"start":{"line":61,"column":41},"end":{"line":61,"column":67}},{"start":{"line":61,"column":70},"end":{"line":61,"column":98}}],"line":61},"2":{"loc":{"start":{"line":69,"column":25},"end":{"line":69,"column":96}},"type":"cond-expr","locations":[{"start":{"line":69,"column":41},"end":{"line":69,"column":67}},{"start":{"line":69,"column":70},"end":{"line":69,"column":96}}],"line":69},"3":{"loc":{"start":{"line":70,"column":20},"end":{"line":70,"column":69}},"type":"cond-expr","locations":[{"start":{"line":70,"column":36},"end":{"line":70,"column":43}},{"start":{"line":70,"column":46},"end":{"line":70,"column":69}}],"line":70},"4":{"loc":{"start":{"line":169,"column":4},"end":{"line":171,"column":5}},"type":"if","locations":[{"start":{"line":169,"column":4},"end":{"line":171,"column":5}},{"start":{},"end":{}}],"line":169},"5":{"loc":{"start":{"line":169,"column":8},"end":{"line":169,"column":53}},"type":"binary-expr","locations":[{"start":{"line":169,"column":8},"end":{"line":169,"column":10}},{"start":{"line":169,"column":14},"end":{"line":169,"column":53}}],"line":169},"6":{"loc":{"start":{"line":179,"column":4},"end":{"line":179,"column":50}},"type":"if","locations":[{"start":{"line":179,"column":4},"end":{"line":179,"column":50}},{"start":{},"end":{}}],"line":179},"7":{"loc":{"start":{"line":179,"column":8},"end":{"line":179,"column":41}},"type":"binary-expr","locations":[{"start":{"line":179,"column":8},"end":{"line":179,"column":28}},{"start":{"line":179,"column":32},"end":{"line":179,"column":41}}],"line":179},"8":{"loc":{"start":{"line":195,"column":6},"end":{"line":204,"column":7}},"type":"if","locations":[{"start":{"line":195,"column":6},"end":{"line":204,"column":7}},{"start":{"line":202,"column":13},"end":{"line":204,"column":7}}],"line":195},"9":{"loc":{"start":{"line":203,"column":24},"end":{"line":203,"column":74}},"type":"binary-expr","locations":[{"start":{"line":203,"column":24},"end":{"line":203,"column":46}},{"start":{"line":203,"column":50},"end":{"line":203,"column":74}}],"line":203},"10":{"loc":{"start":{"line":214,"column":4},"end":{"line":217,"column":5}},"type":"if","locations":[{"start":{"line":214,"column":4},"end":{"line":217,"column":5}},{"start":{},"end":{}}],"line":214},"11":{"loc":{"start":{"line":214,"column":8},"end":{"line":214,"column":40}},"type":"binary-expr","locations":[{"start":{"line":214,"column":8},"end":{"line":214,"column":25}},{"start":{"line":214,"column":29},"end":{"line":214,"column":40}}],"line":214},"12":{"loc":{"start":{"line":231,"column":15},"end":{"line":231,"column":79}},"type":"cond-expr","locations":[{"start":{"line":231,"column":41},"end":{"line":231,"column":59}},{"start":{"line":231,"column":62},"end":{"line":231,"column":79}}],"line":231},"13":{"loc":{"start":{"line":239,"column":9},"end":{"line":244,"column":9}},"type":"binary-expr","locations":[{"start":{"line":239,"column":9},"end":{"line":239,"column":18}},{"start":{"line":240,"column":10},"end":{"line":243,"column":27}}],"line":239},"14":{"loc":{"start":{"line":246,"column":9},"end":{"line":251,"column":9}},"type":"binary-expr","locations":[{"start":{"line":246,"column":9},"end":{"line":246,"column":14}},{"start":{"line":247,"column":10},"end":{"line":250,"column":25}}],"line":246},"15":{"loc":{"start":{"line":268,"column":22},"end":{"line":268,"column":55}},"type":"binary-expr","locations":[{"start":{"line":268,"column":22},"end":{"line":268,"column":31}},{"start":{"line":268,"column":35},"end":{"line":268,"column":55}}],"line":268},"16":{"loc":{"start":{"line":270,"column":13},"end":{"line":270,"column":66}},"type":"cond-expr","locations":[{"start":{"line":270,"column":25},"end":{"line":270,"column":45}},{"start":{"line":270,"column":48},"end":{"line":270,"column":66}}],"line":270}},"s":{"0":1,"1":1,"2":1,"3":1,"4":1,"5":1,"6":1,"7":1,"8":1,"9":1,"10":1,"11":1,"12":1,"13":1,"14":1,"15":1,"16":1,"17":1,"18":1,"19":1,"20":1,"21":1,"22":1,"23":1,"24":1,"25":1,"26":1,"27":1,"28":1,"29":1,"30":1,"31":1,"32":0,"33":1,"34":0,"35":0,"36":0,"37":1,"38":1,"39":1,"40":1,"41":1,"42":1,"43":1,"44":1,"45":1,"46":0,"47":1,"48":1,"49":1,"50":0,"51":0,"52":0,"53":0,"54":0,"55":0,"56":0,"57":0,"58":0,"59":0,"60":0,"61":0,"62":0,"63":0,"64":0,"65":0,"66":0,"67":0,"68":1,"69":0,"70":0,"71":0,"72":1,"73":1,"74":0},"f":{"0":1,"1":1,"2":1,"3":1,"4":1,"5":1,"6":1,"7":1,"8":1,"9":1,"10":1,"11":1,"12":1,"13":1,"14":1,"15":1,"16":1,"17":1,"18":1,"19":0,"20":0,"21":0,"22":0,"23":1,"24":1,"25":1,"26":0,"27":0,"28":0,"29":0,"30":1,"31":0},"b":{"0":[1,0],"1":[0,1],"2":[0,1],"3":[0,1],"4":[0,1],"5":[1,1],"6":[0,0],"7":[0,0],"8":[0,0],"9":[0,0],"10":[0,0],"11":[0,0],"12":[0,1],"13":[1,0],"14":[1,0],"15":[1,1],"16":[0,1]},"_coverageSchema":"1a1c01bbd47fc00a2c39e90264f33305004495a9","hash":"951f8efceaacc62452af01771edba443f1a61e6e"}
,"/Users/sumedhshende/sysd/aiml/day1/ai-chat-assistant/frontend/src/services/api.js": {"path":"/Users/sumedhshende/sysd/aiml/day1/ai-chat-assistant/frontend/src/services/api.js","statementMap":{"0":{"start":{"line":3,"column":21},"end":{"line":3,"column":84}},"1":{"start":{"line":5,"column":18},"end":{"line":11,"column":2}},"2":{"start":{"line":13,"column":23},"end":{"line":34,"column":1}},"3":{"start":{"line":15,"column":4},"end":{"line":23,"column":5}},"4":{"start":{"line":16,"column":23},"end":{"line":19,"column":8}},"5":{"start":{"line":20,"column":6},"end":{"line":20,"column":27}},"6":{"start":{"line":22,"column":6},"end":{"line":22,"column":80}},"7":{"start":{"line":27,"column":4},"end":{"line":32,"column":5}},"8":{"start":{"line":28,"column":23},"end":{"line":28,"column":53}},"9":{"start":{"line":29,"column":6},"end":{"line":29,"column":27}},"10":{"start":{"line":31,"column":6},"end":{"line":31,"column":45}}},"fnMap":{"0":{"name":"(anonymous_0)","decl":{"start":{"line":14,"column":15},"end":{"line":14,"column":16}},"loc":{"start":{"line":14,"column":60},"end":{"line":24,"column":3}},"line":14},"1":{"name":"(anonymous_1)","decl":{"start":{"line":26,"column":15},"end":{"line":26,"column":16}},"loc":{"start":{"line":26,"column":27},"end":{"line":33,"column":3}},"line":26}},"branchMap":{"0":{"loc":{"start":{"line":3,"column":21},"end":{"line":3,"column":84}},"type":"binary-expr","locations":[{"start":{"line":3,"column":21},"end":{"line":3,"column":50}},{"start":{"line":3,"column":54},"end":{"line":3,"column":84}}],"line":3},"1":{"loc":{"start":{"line":14,"column":31},"end":{"line":14,"column":55}},"type":"default-arg","locations":[{"start":{"line":14,"column":53},"end":{"line":14,"column":55}}],"line":14},"2":{"loc":{"start":{"line":22,"column":22},"end":{"line":22,"column":78}},"type":"binary-expr","locations":[{"start":{"line":22,"column":22},"end":{"line":22,"column":50}},{"start":{"line":22,"column":54},"end":{"line":22,"column":78}}],"line":22}},"s":{"0":1,"1":1,"2":1,"3":0,"4":0,"5":0,"6":0,"7":0,"8":0,"9":0,"10":0},"f":{"0":0,"1":0},"b":{"0":[1,1],"1":[0],"2":[0,0]},"_coverageSchema":"1a1c01bbd47fc00a2c39e90264f33305004495a9","hash":"27ce1b7bbf5cb1eb87c9a69d77efcc4d09d3b4ea"}
,"/Users/sumedhshende/sysd/aiml/day1/ai-chat-assistant/frontend/src/styles/GlobalStyles.js": {"path":"/Users/sumedhshende/sysd/aiml/day1/ai-chat-assistant/frontend/src/styles/GlobalStyles.js","statementMap":{"0":{"start":{"line":3,"column":28},"end":{"line":24,"column":1}},"1":{"start":{"line":26,"column":21},"end":{"line":53,"column":1}}},"fnMap":{},"branchMap":{},"s":{"0":1,"1":1},"f":{},"b":{},"_coverageSchema":"1a1c01bbd47fc00a2c39e90264f33305004495a9","hash":"205a91584437f65d3b8be36fc80fe7f087e9492a"}
}
