TN:
SF:src/App.js
FN:6,App
FNF:1
FNH:1
FNDA:1,App
DA:7,1
LF:1
LH:1
BRF:0
BRH:0
end_of_record
TN:
SF:src/index.js
FNF:0
FNH:0
DA:5,0
DA:6,0
LF:2
LH:0
BRF:0
BRH:0
end_of_record
TN:
SF:src/components/ChatContainer.js
FN:10,(anonymous_0)
FN:11,(anonymous_1)
FN:12,(anonymous_2)
FN:19,(anonymous_3)
FN:50,(anonymous_4)
FN:61,(anonymous_5)
FN:68,(anonymous_6)
FN:69,(anonymous_7)
FN:70,(anonymous_8)
FN:77,(anonymous_9)
FN:78,(anonymous_10)
FN:92,(anonymous_11)
FN:93,(anonymous_12)
FN:101,(anonymous_13)
FN:105,(anonymous_14)
FN:114,(anonymous_15)
FN:115,(anonymous_16)
FN:124,(anonymous_17)
FN:129,(anonymous_18)
FN:139,(anonymous_19)
FN:147,(anonymous_20)
FN:148,(anonymous_21)
FN:150,(anonymous_22)
FN:154,(anonymous_23)
FN:167,(anonymous_24)
FN:174,(anonymous_25)
FN:178,(anonymous_26)
FN:187,(anonymous_27)
FN:201,(anonymous_28)
FN:213,(anonymous_29)
FN:228,(anonymous_30)
FN:260,(anonymous_31)
FNF:32
FNH:23
FNDA:1,(anonymous_0)
FNDA:1,(anonymous_1)
FNDA:1,(anonymous_2)
FNDA:1,(anonymous_3)
FNDA:1,(anonymous_4)
FNDA:1,(anonymous_5)
FNDA:1,(anonymous_6)
FNDA:1,(anonymous_7)
FNDA:1,(anonymous_8)
FNDA:1,(anonymous_9)
FNDA:1,(anonymous_10)
FNDA:1,(anonymous_11)
FNDA:1,(anonymous_12)
FNDA:1,(anonymous_13)
FNDA:1,(anonymous_14)
FNDA:1,(anonymous_15)
FNDA:1,(anonymous_16)
FNDA:1,(anonymous_17)
FNDA:1,(anonymous_18)
FNDA:0,(anonymous_19)
FNDA:0,(anonymous_20)
FNDA:0,(anonymous_21)
FNDA:0,(anonymous_22)
FNDA:1,(anonymous_23)
FNDA:1,(anonymous_24)
FNDA:1,(anonymous_25)
FNDA:0,(anonymous_26)
FNDA:0,(anonymous_27)
FNDA:0,(anonymous_28)
FNDA:0,(anonymous_29)
FNDA:1,(anonymous_30)
FNDA:0,(anonymous_31)
DA:6,1
DA:10,1
DA:11,1
DA:12,1
DA:18,1
DA:19,1
DA:25,1
DA:31,1
DA:37,1
DA:46,1
DA:50,1
DA:53,1
DA:61,1
DA:65,1
DA:68,1
DA:69,1
DA:70,1
DA:75,1
DA:77,1
DA:78,1
DA:81,1
DA:87,1
DA:92,1
DA:93,1
DA:101,1
DA:105,1
DA:110,1
DA:114,1
DA:115,1
DA:124,1
DA:129,1
DA:135,1
DA:139,0
DA:143,1
DA:147,0
DA:148,0
DA:150,0
DA:154,1
DA:155,1
DA:162,1
DA:163,1
DA:164,1
DA:165,1
DA:167,1
DA:168,1
DA:169,1
DA:170,0
DA:174,1
DA:175,1
DA:178,1
DA:179,0
DA:181,0
DA:187,0
DA:188,0
DA:189,0
DA:190,0
DA:192,0
DA:193,0
DA:195,0
DA:196,0
DA:201,0
DA:203,0
DA:206,0
DA:207,0
DA:209,0
DA:213,1
DA:214,0
DA:215,0
DA:216,0
DA:220,1
DA:229,1
DA:260,0
LF:72
LH:48
BRDA:50,0,0,1
BRDA:50,0,1,0
BRDA:61,1,0,0
BRDA:61,1,1,1
BRDA:69,2,0,0
BRDA:69,2,1,1
BRDA:70,3,0,0
BRDA:70,3,1,1
BRDA:169,4,0,0
BRDA:169,4,1,1
BRDA:169,5,0,1
BRDA:169,5,1,1
BRDA:179,6,0,0
BRDA:179,6,1,0
BRDA:179,7,0,0
BRDA:179,7,1,0
BRDA:195,8,0,0
BRDA:195,8,1,0
BRDA:203,9,0,0
BRDA:203,9,1,0
BRDA:214,10,0,0
BRDA:214,10,1,0
BRDA:214,11,0,0
BRDA:214,11,1,0
BRDA:231,12,0,0
BRDA:231,12,1,1
BRDA:239,13,0,1
BRDA:239,13,1,0
BRDA:246,14,0,1
BRDA:246,14,1,0
BRDA:268,15,0,1
BRDA:268,15,1,1
BRDA:270,16,0,0
BRDA:270,16,1,1
BRF:34
BRH:13
end_of_record
TN:
SF:src/services/api.js
FN:14,(anonymous_0)
FN:26,(anonymous_1)
FNF:2
FNH:0
FNDA:0,(anonymous_0)
FNDA:0,(anonymous_1)
DA:3,1
DA:5,1
DA:13,1
DA:15,0
DA:16,0
DA:20,0
DA:22,0
DA:27,0
DA:28,0
DA:29,0
DA:31,0
LF:11
LH:3
BRDA:3,0,0,1
BRDA:3,0,1,1
BRDA:14,1,0,0
BRDA:22,2,0,0
BRDA:22,2,1,0
BRF:5
BRH:2
end_of_record
TN:
SF:src/styles/GlobalStyles.js
FNF:0
FNH:0
DA:3,1
DA:26,1
LF:2
LH:2
BRF:0
BRH:0
end_of_record
